{
  "RSpec": {
    "coverage": {
      "/Users/moinstla/Desktop/business_api/spec/requests/delete_business_spec.rb": [
        1,
        1,
        null,
        1,
        1,
        1,
        null,
        null,
        1,
        1,
        null,
        null
      ],
      "/Users/moinstla/Desktop/business_api/spec/rails_helper.rb": [
        null,
        1,
        1,
        1,
        null,
        1,
        1,
        null,
        null,
        null,
        null,
        null,
        null,
        null,
        null,
        null,
        null,
        null,
        null,
        null,
        null,
        null,
        null,
        null,
        null,
        null,
        1,
        null,
        1,
        null,
        1,
        null,
        null,
        null,
        null,
        1,
        null,
        null,
        null,
        null,
        null,
        null,
        null,
        null,
        null,
        null,
        null,
        null,
        null,
        null,
        1,
        null,
        null,
        1,
        null,
        null,
        null,
        1,
        1,
        1,
        1,
        null,
        null
      ],
      "/Users/moinstla/Desktop/business_api/config/environment.rb": [
        null,
        1,
        null,
        null,
        1
      ],
      "/Users/moinstla/Desktop/business_api/config/application.rb": [
        1,
        null,
        1,
        null,
        1,
        1,
        1,
        1,
        1,
        1,
        1,
        null,
        null,
        null,
        null,
        null,
        1,
        null,
        1,
        1,
        null,
        1,
        null,
        null,
        null,
        null,
        null,
        null,
        null,
        null,
        1,
        null,
        null
      ],
      "/Users/moinstla/Desktop/business_api/config/boot.rb": [
        1,
        null,
        1
      ],
      "/Users/moinstla/Desktop/business_api/config/environments/test.rb": [
        1,
        null,
        null,
        null,
        null,
        null,
        null,
        1,
        null,
        null,
        null,
        null,
        1,
        null,
        null,
        1,
        1,
        null,
        null,
        null,
        null,
        1,
        1,
        null,
        null,
        1,
        null,
        null,
        1,
        1,
        null,
        null,
        null,
        null,
        1,
        null,
        null,
        1,
        null,
        null,
        null,
        null
      ],
      "/Users/moinstla/Desktop/business_api/config/initializers/application_controller_renderer.rb": [
        null,
        null,
        null,
        null,
        null,
        null
      ],
      "/Users/moinstla/Desktop/business_api/config/initializers/backtrace_silencers.rb": [
        null,
        null,
        null,
        null,
        null,
        null,
        null
      ],
      "/Users/moinstla/Desktop/business_api/config/initializers/cors.rb": [
        null,
        null,
        null,
        null,
        null,
        null,
        null,
        null,
        null,
        null,
        null,
        null,
        null,
        null,
        null,
        null
      ],
      "/Users/moinstla/Desktop/business_api/config/initializers/filter_parameter_logging.rb": [
        null,
        null,
        null,
        1
      ],
      "/Users/moinstla/Desktop/business_api/config/initializers/inflections.rb": [
        null,
        null,
        null,
        null,
        null,
        null,
        null,
        null,
        null,
        null,
        null,
        null,
        null,
        null,
        null,
        null
      ],
      "/Users/moinstla/Desktop/business_api/config/initializers/kaminari_config.rb": [
        null,
        1,
        1,
        null,
        null,
        null,
        null,
        null,
        null,
        null,
        null,
        null
      ],
      "/Users/moinstla/Desktop/business_api/config/initializers/mime_types.rb": [
        null,
        null,
        null,
        null
      ],
      "/Users/moinstla/Desktop/business_api/config/initializers/wrap_parameters.rb": [
        null,
        null,
        null,
        null,
        null,
        null,
        1,
        2,
        null,
        null,
        null,
        null,
        null,
        null
      ],
      "/Users/moinstla/Desktop/business_api/app/channels/application_cable/channel.rb": [
        1,
        1,
        null,
        null
      ],
      "/Users/moinstla/Desktop/business_api/app/channels/application_cable/connection.rb": [
        1,
        1,
        null,
        null
      ],
      "/Users/moinstla/Desktop/business_api/app/controllers/application_controller.rb": [
        1,
        1,
        1,
        null,
        1,
        2,
        null,
        null
      ],
      "/Users/moinstla/Desktop/business_api/app/controllers/businesses_controller.rb": [
        1,
        null,
        1,
        2,
        2,
        2,
        2,
        null,
        null,
        1,
        3,
        2,
        null,
        null,
        1,
        6,
        4,
        null,
        null,
        1,
        3,
        3,
        3,
        null,
        null,
        null,
        null,
        null,
        1,
        1,
        1,
        1,
        null,
        null,
        null,
        null,
        null,
        null,
        1,
        1,
        11,
        null,
        null,
        1,
        9,
        null,
        null
      ],
      "/Users/moinstla/Desktop/business_api/app/jobs/application_job.rb": [
        1,
        null
      ],
      "/Users/moinstla/Desktop/business_api/app/mailers/application_mailer.rb": [
        1,
        1,
        1,
        null
      ],
      "/Users/moinstla/Desktop/business_api/app/models/application_record.rb": [
        1,
        1,
        null
      ],
      "/Users/moinstla/Desktop/business_api/app/models/business.rb": [
        1,
        1,
        1,
        1,
        null,
        3,
        1,
        null,
        null,
        null,
        0,
        null,
        null
      ],
      "/Users/moinstla/Desktop/business_api/spec/factories.rb": [
        1,
        1,
        1,
        1,
        1,
        null,
        null
      ],
      "/Users/moinstla/Desktop/business_api/config/routes.rb": [
        1,
        null,
        1,
        1,
        null,
        null,
        1,
        null
      ],
      "/Users/moinstla/Desktop/business_api/spec/requests/get_business_spec.rb": [
        1,
        null,
        1,
        null,
        1,
        2,
        2,
        null,
        null,
        1,
        1,
        null,
        null,
        1,
        1,
        null,
        null,
        null
      ],
      "/Users/moinstla/Desktop/business_api/spec/requests/get_businesses_spec.rb": [
        1,
        null,
        1,
        3,
        null,
        1,
        2,
        null,
        null,
        1,
        1,
        null,
        null,
        1,
        1,
        null,
        null
      ],
      "/Users/moinstla/Desktop/business_api/spec/requests/get_exception_spec.rb": [
        1,
        null,
        1,
        null,
        1,
        1,
        1,
        null,
        null,
        1,
        1,
        null,
        null
      ],
      "/Users/moinstla/Desktop/business_api/spec/requests/patch_business_spec.rb": [
        1,
        null,
        1,
        null,
        1,
        3,
        3,
        null,
        null,
        null,
        null,
        null,
        null,
        1,
        1,
        null,
        null,
        1,
        1,
        null,
        null,
        1,
        1,
        null,
        null
      ],
      "/Users/moinstla/Desktop/business_api/spec/requests/post_business_spec.rb": [
        1,
        null,
        1,
        null,
        1,
        4,
        null,
        null,
        1,
        1,
        null,
        null,
        1,
        1,
        null,
        1,
        1,
        null,
        null,
        1,
        1,
        null,
        null
      ],
      "/Users/moinstla/Desktop/business_api/spec/requests/post_exception_spec.rb": [
        1,
        null,
        1,
        null,
        1,
        2,
        null,
        null,
        1,
        1,
        null,
        null,
        1,
        1,
        null,
        null
      ]
    },
    "timestamp": 1500679155
  }
}
